Log file open, 04/10/18 16:47:36
LogWindows: Failed to load 'aqProf.dll' (GetLastError=126)
LogWindows: File 'aqProf.dll' does not exist
LogWindows: Failed to load 'VtuneApi.dll' (GetLastError=126)
LogWindows: File 'VtuneApi.dll' does not exist
LogWindows: Failed to load 'VtuneApi32e.dll' (GetLastError=126)
LogWindows: File 'VtuneApi32e.dll' does not exist
LogInit: Display: Running engine for game: GridBuildingPlacement
LogPlatformFile: Not using cached read wrapper
LogInit: Display: RandInit(1030864890) SRandInit(1030864891).
LogInit: Read version file with build ID '3709383'
LogInit: Overriding engine version to CL 3832480, compatible CL 3709383
LogInit: Registered custom module enumerator with build ID '3709383'
LogTaskGraph: Started task graph with 5 named threads and 14 total threads with 3 sets of task threads.
LogStats: Stats thread started at 0.200528
LogD3D11RHI: Aftermath initialized
LogModuleManager: Display: Found up-to-date module file ../../../Engine/Plugins/2D/Paper2D/Binaries/Win64/UE4Editor-Paper2D.dll (API version 3709383).
LogModuleManager: Display: Found up-to-date module file ../../../Engine/Plugins/2D/Paper2D/Binaries/Win64/UE4Editor-Paper2DEditor.dll (API version 3709383).
LogModuleManager: Display: Found up-to-date module file ../../../Engine/Plugins/2D/Paper2D/Binaries/Win64/UE4Editor-PaperSpriteSheetImporter.dll (API version 3709383).
LogModuleManager: Display: Found up-to-date module file ../../../Engine/Plugins/2D/Paper2D/Binaries/Win64/UE4Editor-PaperTiledImporter.dll (API version 3709383).
LogModuleManager: Display: Found up-to-date module file ../../../Engine/Plugins/2D/Paper2D/Binaries/Win64/UE4Editor-SmartSnapping.dll (API version 3709383).
LogModuleManager: Display: Found up-to-date module file ../../../Engine/Plugins/Blendables/LightPropagationVolume/Binaries/Win64/UE4Editor-LightPropagationVolumeRuntime.dll (API version 3709383).
LogModuleManager: Display: Found up-to-date module file ../../../Engine/Plugins/Blendables/LightPropagationVolume/Binaries/Win64/UE4Editor-LightPropagationVolumeEditor.dll (API version 3709383).
LogModuleManager: Display: Found up-to-date module file ../../../Engine/Plugins/Developer/GitSourceControl/Binaries/Win64/UE4Editor-GitSourceControl.dll (API version 3709383).
LogModuleManager: Display: Found up-to-date module file ../../../Engine/Plugins/Developer/PerforceSourceControl/Binaries/Win64/UE4Editor-PerforceSourceControl.dll (API version 3709383).
LogModuleManager: Display: Found up-to-date module file ../../../Engine/Plugins/Developer/SubversionSourceControl/Binaries/Win64/UE4Editor-SubversionSourceControl.dll (API version 3709383).
LogModuleManager: Display: Found up-to-date module file ../../../Engine/Plugins/Developer/UObjectPlugin/Binaries/Win64/UE4Editor-UObjectPlugin.dll (API version 3709383).
LogModuleManager: Display: Found up-to-date module file ../../../Engine/Plugins/Developer/VisualStudioCodeSourceCodeAccess/Binaries/Win64/UE4Editor-VisualStudioCodeSourceCodeAccess.dll (API version 3709383).
LogModuleManager: Display: Found up-to-date module file ../../../Engine/Plugins/Developer/VisualStudioSourceCodeAccess/Binaries/Win64/UE4Editor-VisualStudioSourceCodeAccess.dll (API version 3709383).
LogModuleManager: Display: Found up-to-date module file ../../../Engine/Plugins/Editor/AssetManagerEditor/Binaries/Win64/UE4Editor-AssetManagerEditor.dll (API version 3709383).
LogModuleManager: Display: Found up-to-date module file ../../../Engine/Plugins/Editor/AudioCapture/Binaries/Win64/UE4Editor-AudioCapture.dll (API version 3709383).
LogModuleManager: Display: Found up-to-date module file ../../../Engine/Plugins/Editor/FacialAnimation/Binaries/Win64/UE4Editor-FacialAnimation.dll (API version 3709383).
LogModuleManager: Display: Found up-to-date module file ../../../Engine/Plugins/Editor/FacialAnimation/Binaries/Win64/UE4Editor-FacialAnimationEditor.dll (API version 3709383).
LogModuleManager: Display: Found up-to-date module file ../../../Engine/Plugins/Editor/GameplayTagsEditor/Binaries/Win64/UE4Editor-GameplayTagsEditor.dll (API version 3709383).
LogModuleManager: Display: Found up-to-date module file ../../../Engine/Plugins/Editor/MobileLauncherProfileWizard/Binaries/Win64/UE4Editor-MobileLauncherProfileWizard.dll (API version 3709383).
LogModuleManager: Display: Found up-to-date module file ../../../Engine/Plugins/Editor/PluginBrowser/Binaries/Win64/UE4Editor-PluginBrowser.dll (API version 3709383).
LogModuleManager: Display: Found up-to-date module file ../../../Engine/Plugins/Editor/SpeedTreeImporter/Binaries/Win64/UE4Editor-SpeedTreeImporter.dll (API version 3709383).
LogModuleManager: Display: Found up-to-date module file ../../../Engine/Plugins/Experimental/AlembicImporter/Binaries/Win64/UE4Editor-AlembicImporter.dll (API version 3709383).
LogModuleManager: Display: Found up-to-date module file ../../../Engine/Plugins/Experimental/AlembicImporter/Binaries/Win64/UE4Editor-AlembicLibrary.dll (API version 3709383).
LogModuleManager: Display: Found up-to-date module file ../../../Engine/Plugins/Experimental/CharacterAI/Binaries/Win64/UE4Editor-CharacterAI.dll (API version 3709383).
LogModuleManager: Display: Found up-to-date module file ../../../Engine/Plugins/Experimental/HTML5Networking/Binaries/Win64/UE4Editor-HTML5Networking.dll (API version 3709383).
LogModuleManager: Display: Found up-to-date module file ../../../Engine/Plugins/Media/AndroidMedia/Binaries/Win64/UE4Editor-AndroidMediaEditor.dll (API version 3709383).
LogModuleManager: Display: Found up-to-date module file ../../../Engine/Plugins/Media/AndroidMedia/Binaries/Win64/UE4Editor-AndroidMediaFactory.dll (API version 3709383).
LogModuleManager: Display: Found up-to-date module file ../../../Engine/Plugins/Media/AvfMedia/Binaries/Win64/UE4Editor-AvfMediaEditor.dll (API version 3709383).
LogModuleManager: Display: Found up-to-date module file ../../../Engine/Plugins/Media/AvfMedia/Binaries/Win64/UE4Editor-AvfMediaFactory.dll (API version 3709383).
LogModuleManager: Display: Found up-to-date module file ../../../Engine/Plugins/Media/AvfMedia/Binaries/Win64/UE4Editor-AvfMediaFactory.dll (API version 3709383).
LogModuleManager: Display: Found up-to-date module file ../../../Engine/Plugins/Media/ImgMedia/Binaries/Win64/UE4Editor-ImgMedia.dll (API version 3709383).
LogModuleManager: Display: Found up-to-date module file ../../../Engine/Plugins/Media/ImgMedia/Binaries/Win64/UE4Editor-ImgMediaEditor.dll (API version 3709383).
LogModuleManager: Display: Found up-to-date module file ../../../Engine/Plugins/Media/ImgMedia/Binaries/Win64/UE4Editor-ImgMediaFactory.dll (API version 3709383).
LogModuleManager: Display: Found up-to-date module file ../../../Engine/Plugins/Media/ImgMedia/Binaries/Win64/UE4Editor-ImgMediaFactory.dll (API version 3709383).
LogModuleManager: Display: Found up-to-date module file ../../../Engine/Plugins/Media/ImgMedia/Binaries/Win64/UE4Editor-OpenExrWrapper.dll (API version 3709383).
LogModuleManager: Display: Found up-to-date module file ../../../Engine/Plugins/Media/MediaCompositing/Binaries/Win64/UE4Editor-MediaCompositing.dll (API version 3709383).
LogModuleManager: Display: Found up-to-date module file ../../../Engine/Plugins/Media/MediaCompositing/Binaries/Win64/UE4Editor-MediaCompositingEditor.dll (API version 3709383).
LogModuleManager: Display: Found up-to-date module file ../../../Engine/Plugins/Media/MediaPlayerEditor/Binaries/Win64/UE4Editor-MediaPlayerEditor.dll (API version 3709383).
LogModuleManager: Display: Found up-to-date module file ../../../Engine/Plugins/Media/WmfMedia/Binaries/Win64/UE4Editor-WmfMedia.dll (API version 3709383).
LogModuleManager: Display: Found up-to-date module file ../../../Engine/Plugins/Media/WmfMedia/Binaries/Win64/UE4Editor-WmfMediaEditor.dll (API version 3709383).
LogModuleManager: Display: Found up-to-date module file ../../../Engine/Plugins/Media/WmfMedia/Binaries/Win64/UE4Editor-WmfMediaFactory.dll (API version 3709383).
LogModuleManager: Display: Found up-to-date module file ../../../Engine/Plugins/Media/WmfMedia/Binaries/Win64/UE4Editor-WmfMediaFactory.dll (API version 3709383).
LogModuleManager: Display: Found up-to-date module file ../../../Engine/Plugins/Messaging/TcpMessaging/Binaries/Win64/UE4Editor-TcpMessaging.dll (API version 3709383).
LogModuleManager: Display: Found up-to-date module file ../../../Engine/Plugins/Messaging/UdpMessaging/Binaries/Win64/UE4Editor-UdpMessaging.dll (API version 3709383).
LogModuleManager: Display: Found up-to-date module file ../../../Engine/Plugins/MovieScene/ActorSequence/Binaries/Win64/UE4Editor-ActorSequence.dll (API version 3709383).
LogModuleManager: Display: Found up-to-date module file ../../../Engine/Plugins/MovieScene/LevelSequenceEditor/Binaries/Win64/UE4Editor-LevelSequenceEditor.dll (API version 3709383).
LogModuleManager: Display: Found up-to-date module file ../../../Engine/Plugins/MovieScene/MatineeToLevelSequence/Binaries/Win64/UE4Editor-MatineeToLevelSequence.dll (API version 3709383).
LogModuleManager: Display: Found up-to-date module file ../../../Engine/Plugins/Online/OnlineSubsystem/Binaries/Win64/UE4Editor-OnlineSubsystem.dll (API version 3709383).
LogModuleManager: Display: Found up-to-date module file ../../../Engine/Plugins/Runtime/AndroidPermission/Binaries/Win64/UE4Editor-AndroidPermission.dll (API version 3709383).
LogModuleManager: Display: Found up-to-date module file ../../../Engine/Plugins/Online/OnlineSubsystemNull/Binaries/Win64/UE4Editor-OnlineSubsystemNull.dll (API version 3709383).
LogModuleManager: Display: Found up-to-date module file ../../../Engine/Plugins/Online/OnlineSubsystemUtils/Binaries/Win64/UE4Editor-OnlineSubsystemUtils.dll (API version 3709383).
LogModuleManager: Display: Found up-to-date module file ../../../Engine/Plugins/Online/OnlineSubsystemUtils/Binaries/Win64/UE4Editor-OnlineBlueprintSupport.dll (API version 3709383).
LogModuleManager: Display: Found up-to-date module file ../../../Engine/Plugins/Runtime/AndroidDeviceProfileSelector/Binaries/Win64/UE4Editor-AndroidDeviceProfileSelector.dll (API version 3709383).
LogModuleManager: Display: Found up-to-date module file ../../../Engine/Plugins/Runtime/AppleARKit/Binaries/Win64/UE4Editor-AppleARKit.dll (API version 3709383).
LogModuleManager: Display: Found up-to-date module file ../../../Engine/Plugins/Runtime/ArchVisCharacter/Binaries/Win64/UE4Editor-ArchVisCharacter.dll (API version 3709383).
LogModuleManager: Display: Found up-to-date module file ../../../Engine/Plugins/Runtime/CableComponent/Binaries/Win64/UE4Editor-CableComponent.dll (API version 3709383).
LogModuleManager: Display: Found up-to-date module file ../../../Engine/Plugins/Runtime/CustomMeshComponent/Binaries/Win64/UE4Editor-CustomMeshComponent.dll (API version 3709383).
LogModuleManager: Display: Found up-to-date module file ../../../Engine/Plugins/Runtime/ExampleDeviceProfileSelector/Binaries/Win64/UE4Editor-ExampleDeviceProfileSelector.dll (API version 3709383).
LogModuleManager: Display: Found up-to-date module file ../../../Engine/Plugins/Runtime/ImmediatePhysics/Binaries/Win64/UE4Editor-ImmediatePhysics.dll (API version 3709383).
LogModuleManager: Display: Found up-to-date module file ../../../Engine/Plugins/Runtime/ImmediatePhysics/Binaries/Win64/UE4Editor-ImmediatePhysicsEditor.dll (API version 3709383).
LogModuleManager: Display: Found up-to-date module file ../../../Engine/Plugins/Runtime/LocationServicesBPLibrary/Binaries/Win64/UE4Editor-LocationServicesBPLibrary.dll (API version 3709383).
LogModuleManager: Display: Found up-to-date module file ../../../Engine/Plugins/Runtime/MobilePatchingUtils/Binaries/Win64/UE4Editor-MobilePatchingUtils.dll (API version 3709383).
LogModuleManager: Display: Found up-to-date module file ../../../Engine/Plugins/Runtime/Oculus/OculusVR/Binaries/Win64/UE4Editor-OculusHMD.dll (API version 3709383).
LogModuleManager: Display: Found up-to-date module file ../../../Engine/Plugins/Runtime/Oculus/OculusVR/Binaries/Win64/UE4Editor-OculusInput.dll (API version 3709383).
LogModuleManager: Display: Found up-to-date module file ../../../Engine/Plugins/Runtime/Oculus/OculusVR/Binaries/Win64/UE4Editor-OculusEditor.dll (API version 3709383).
LogModuleManager: Display: Found up-to-date module file ../../../Engine/Plugins/Runtime/PhysXVehicles/Binaries/Win64/UE4Editor-PhysXVehicles.dll (API version 3709383).
LogModuleManager: Display: Found up-to-date module file ../../../Engine/Plugins/Runtime/PhysXVehicles/Binaries/Win64/UE4Editor-PhysXVehiclesEditor.dll (API version 3709383).
LogModuleManager: Display: Found up-to-date module file ../../../Engine/Plugins/Runtime/ProceduralMeshComponent/Binaries/Win64/UE4Editor-ProceduralMeshComponent.dll (API version 3709383).
LogModuleManager: Display: Found up-to-date module file ../../../Engine/Plugins/Runtime/ProceduralMeshComponent/Binaries/Win64/UE4Editor-ProceduralMeshComponentEditor.dll (API version 3709383).
LogModuleManager: Display: Found up-to-date module file ../../../Engine/Plugins/Runtime/RuntimePhysXCooking/Binaries/Win64/UE4Editor-RuntimePhysXCooking.dll (API version 3709383).
LogModuleManager: Display: Found up-to-date module file ../../../Engine/Plugins/Runtime/Steam/SteamVR/Binaries/Win64/UE4Editor-SteamVR.dll (API version 3709383).
LogModuleManager: Display: Found up-to-date module file ../../../Engine/Plugins/Runtime/Steam/SteamVR/Binaries/Win64/UE4Editor-SteamVRController.dll (API version 3709383).
LogModuleManager: Display: Found up-to-date module file ../../../Engine/Plugins/Runtime/WindowsMoviePlayer/Binaries/Win64/UE4Editor-WindowsMoviePlayer.dll (API version 3709383).
LogPluginManager: Mounting plugin Paper2D
LogPluginManager: Mounting plugin LightPropagationVolume
LogPluginManager: Mounting plugin CodeLiteSourceCodeAccess
LogPluginManager: Mounting plugin GitSourceControl
LogPluginManager: Mounting plugin KDevelopSourceCodeAccess
LogPluginManager: Mounting plugin NullSourceCodeAccess
LogPluginManager: Mounting plugin PerforceSourceControl
LogPluginManager: Mounting plugin SubversionSourceControl
LogPluginManager: Mounting plugin UObjectPlugin
LogPluginManager: Mounting plugin VisualStudioCodeSourceCodeAccess
LogPluginManager: Mounting plugin VisualStudioSourceCodeAccess
LogPluginManager: Mounting plugin XCodeSourceCodeAccess
LogPluginManager: Mounting plugin AssetManagerEditor
LogPluginManager: Mounting plugin AudioCapture
LogPluginManager: Mounting plugin FacialAnimation
LogPluginManager: Mounting plugin GameplayTagsEditor
LogPluginManager: Mounting plugin MobileLauncherProfileWizard
LogPluginManager: Mounting plugin PluginBrowser
LogPluginManager: Mounting plugin SpeedTreeImporter
LogPluginManager: Mounting plugin AlembicImporter
LogPluginManager: Mounting plugin CharacterAI
LogPluginManager: Mounting plugin HTML5Networking
LogPluginManager: Mounting plugin AndroidMedia
LogPluginManager: Mounting plugin AvfMedia
LogPluginManager: Mounting plugin ImgMedia
LogPluginManager: Mounting plugin MediaCompositing
LogPluginManager: Mounting plugin MediaPlayerEditor
LogPluginManager: Mounting plugin WmfMedia
LogPluginManager: Mounting plugin TcpMessaging
LogPluginManager: Mounting plugin UdpMessaging
LogPluginManager: Mounting plugin ActorSequence
LogPluginManager: Mounting plugin LevelSequenceEditor
LogPluginManager: Mounting plugin MatineeToLevelSequence
LogPluginManager: Mounting plugin OnlineSubsystemGooglePlay
LogPluginManager: Mounting plugin OnlineSubsystemIOS
LogPluginManager: Mounting plugin OnlineSubsystem
LogPluginManager: Mounting plugin OnlineSubsystemNull
LogPluginManager: Mounting plugin OnlineSubsystemUtils
LogPluginManager: Mounting plugin AndroidDeviceProfileSelector
LogPluginManager: Mounting plugin AndroidMoviePlayer
LogPluginManager: Mounting plugin AndroidPermission
LogPluginManager: Mounting plugin AppleARKit
LogPluginManager: Mounting plugin AppleMoviePlayer
LogPluginManager: Mounting plugin ArchVisCharacter
LogPluginManager: Mounting plugin CableComponent
LogPluginManager: Mounting plugin CustomMeshComponent
LogPluginManager: Mounting plugin ExampleDeviceProfileSelector
LogPluginManager: Mounting plugin GoogleCloudMessaging
LogPluginManager: Mounting plugin ImmediatePhysics
LogPluginManager: Mounting plugin IOSDeviceProfileSelector
LogPluginManager: Mounting plugin LinuxDeviceProfileSelector
LogPluginManager: Mounting plugin LocationServicesBPLibrary
LogPluginManager: Mounting plugin MobilePatchingUtils
LogPluginManager: Mounting plugin OculusVR
LogPluginManager: Plugin shader directory ../../../Engine/Plugins/Runtime/Oculus/OculusVR/Shaders found
LogPluginManager: Mapping shader source directory ../../../Engine/Plugins/Runtime/Oculus/OculusVR/Shaders to virtual directory /Plugin/OculusVR
LogPluginManager: Mounting plugin PhysXVehicles
LogPluginManager: Mounting plugin ProceduralMeshComponent
LogPluginManager: Mounting plugin RuntimePhysXCooking
LogPluginManager: Mounting plugin SteamVR
LogPluginManager: Mounting plugin WindowsMoviePlayer
LogInit: Using libcurl 7.47.1
LogInit:  - built for x86_64-pc-win32
LogInit:  - supports SSL with OpenSSL/1.0.2g
LogInit:  - supports HTTP deflate (compression) using libz 1.2.8
LogInit:  - other features:
LogInit:      CURL_VERSION_SSL
LogInit:      CURL_VERSION_LIBZ
LogInit:      CURL_VERSION_IPV6
LogInit:      CURL_VERSION_ASYNCHDNS
LogInit:      CURL_VERSION_LARGEFILE
LogInit:      CURL_VERSION_IDN
LogInit:  CurlRequestOptions (configurable via config and command line):
LogInit:  - bVerifyPeer = false  - Libcurl will NOT verify peer certificate
LogInit:  - bUseHttpProxy = false  - Libcurl will NOT use HTTP proxy
LogInit:  - bDontReuseConnections = false  - Libcurl will reuse connections
LogInit:  - CertBundlePath = nullptr  - Libcurl will use whatever was configured at build time.
LogInit: Build: ++UE4+Release-4.18-CL-3832480
LogInit: Engine Version: 4.18.3-3832480+++UE4+Release-4.18
LogInit: Compatible Engine Version: 4.18.0-3709383+++UE4+Release-4.18
LogInit: Net CL: 3709383
LogDevObjectVersion: Number of dev versions registered: 16
LogDevObjectVersion:   Dev-Blueprints (B0D832E4-1F89-4F0D-ACCF-7EB736FD4AA2): 10
LogDevObjectVersion:   Dev-Build (E1C64328-A22C-4D53-A36C-8E866417BD8C): 0
LogDevObjectVersion:   Dev-Core (375EC13C-06E4-48FB-B500-84F0262A717E): 2
LogDevObjectVersion:   Dev-Editor (E4B068ED-F494-42E9-A231-DA0B2E46BB41): 20
LogDevObjectVersion:   Dev-Framework (CFFC743F-43B0-4480-9391-14DF171D2073): 30
LogDevObjectVersion:   Dev-Mobile (B02B49B5-BB20-44E9-A304-32B752E40360): 0
LogDevObjectVersion:   Dev-Networking (A4E4105C-59A1-49B5-A7C5-40C4547EDFEE): 0
LogDevObjectVersion:   Dev-Online (39C831C9-5AE6-47DC-9A44-9C173E1C8E7C): 0
LogDevObjectVersion:   Dev-Physics (78F01B33-EBEA-4F98-B9B4-84EACCB95AA2): 0
LogDevObjectVersion:   Dev-Platform (6631380F-2D4D-43E0-8009-CF276956A95A): 0
LogDevObjectVersion:   Dev-Rendering (12F88B9F-8875-4AFC-A67C-D90C383ABD29): 20
LogDevObjectVersion:   Dev-Sequencer (7B5AE74C-D270-4C10-A958-57980B212A5A): 4
LogDevObjectVersion:   Dev-VR (D7296918-1DD6-4BDD-9DE2-64A83CC13884): 0
LogDevObjectVersion:   Dev-LoadTimes (C2A15278-BFE7-4AFE-6C17-90FF531DF755): 1
LogDevObjectVersion:   Private-Geometry (6EACA3D4-40EC-4CC1-B786-8BED09428FC5): 1
LogDevObjectVersion:   Dev-AnimPhys (29E575DD-E0A3-4627-9D10-D276232CDCEA): 12
LogInit: Compiled (64-bit): Jan 12 2018 02:04:55
LogInit: Compiled with Visual C++: 19.00.24215.01
LogInit: Build Configuration: Development
LogInit: Branch Name: ++UE4+Release-4.18
LogInit: Command line:  
LogInit: Base directory: C:/Program Files/Epic Games/UE_4.18/Engine/Binaries/Win64/
LogInit: Installed Engine Build: 1
LogInit: Presizing for max 8388607 objects, including 0 objects not considered by GC, pre-allocating 0 bytes for permanent pool.
LogInit: Object subsystem initialized
[2018.04.10-07.47.39:061][  0]LogInit: Selected Device Profile: [Windows]
[2018.04.10-07.47.39:061][  0]LogInit: Applying CVar settings loaded from the selected device profile: [Windows]
[2018.04.10-07.47.39:185][  0]LogInit: Computer: DESKTOP-GCDKNJF
[2018.04.10-07.47.39:185][  0]LogInit: User: choby
[2018.04.10-07.47.39:185][  0]LogInit: CPU Page size=4096, Cores=4
[2018.04.10-07.47.39:185][  0]LogInit: High frequency timer resolution =2.742186 MHz
[2018.04.10-07.47.39:186][  0]LogMemory: Memory total: Physical=7.9GB (8GB approx)
[2018.04.10-07.47.39:186][  0]LogMemory: Platform Memory Stats for Windows
[2018.04.10-07.47.39:186][  0]LogMemory: Process Physical Memory: 275.61 MB used, 275.61 MB peak
[2018.04.10-07.47.39:186][  0]LogMemory: Process Virtual Memory: 269.98 MB used, 269.98 MB peak
[2018.04.10-07.47.39:186][  0]LogMemory: Physical Memory: 3882.88 MB used,  4226.82 MB free, 8109.70 MB total
[2018.04.10-07.47.39:186][  0]LogMemory: Virtual Memory: 682.66 MB used,  4226.82 MB free, 134217728.00 MB total
[2018.04.10-07.47.39:550][  0]LogInit: Overriding language with editor language configuration option (ko).
[2018.04.10-07.47.39:550][  0]LogInit: Overriding locale with editor locale configuration option (ko).
[2018.04.10-07.47.39:748][  0]LogInit: Setting process to per monitor DPI aware
[2018.04.10-07.47.40:188][  0]LogD3D11RHI: D3D11 adapters:
[2018.04.10-07.47.40:249][  0]LogD3D11RHI:    0. 'NVIDIA GeForce GTX 1050' (Feature Level 11_0)
[2018.04.10-07.47.40:249][  0]LogD3D11RHI:       4021/0/4054 MB DedicatedVideo/DedicatedSystem/SharedSystem, Outputs:1, VendorId:0x10de
[2018.04.10-07.47.40:256][  0]LogD3D11RHI:    1. 'Intel(R) HD Graphics 630' (Feature Level 11_0)
[2018.04.10-07.47.40:256][  0]LogD3D11RHI:       128/0/4054 MB DedicatedVideo/DedicatedSystem/SharedSystem, Outputs:0, VendorId:0x8086
[2018.04.10-07.47.40:259][  0]LogD3D11RHI:    2. 'Microsoft Basic Render Driver' (Feature Level 11_0)
[2018.04.10-07.47.40:259][  0]LogD3D11RHI:       0/0/4054 MB DedicatedVideo/DedicatedSystem/SharedSystem, Outputs:0, VendorId:0x1414
[2018.04.10-07.47.40:259][  0]LogD3D11RHI: Chosen D3D11 Adapter: 0
[2018.04.10-07.47.40:265][  0]LogD3D11RHI: Creating new Direct3DDevice
[2018.04.10-07.47.40:265][  0]LogD3D11RHI:     GPU DeviceId: 0x1c8d (for the marketing name, search the web for "GPU Device Id")
[2018.04.10-07.47.40:265][  0]LogWindows: EnumDisplayDevices:
[2018.04.10-07.47.40:266][  0]LogWindows:    0. 'Intel(R) HD Graphics 630' (P:1 D:1)
[2018.04.10-07.47.40:266][  0]LogWindows:    1. 'Intel(R) HD Graphics 630' (P:0 D:0)
[2018.04.10-07.47.40:267][  0]LogWindows:    2. 'Intel(R) HD Graphics 630' (P:0 D:0)
[2018.04.10-07.47.40:267][  0]LogWindows: DebugString: GetVideoDriverDetailsInvalid PrimaryIsNotTheChoosenAdapter GetVideoDriverDetailsInvalid PrimaryIsNotTheChoosenAdapter GetVideoDriverDetailsInvalid PrimaryIsNotTheChoosenAdapter FoundDriverCount:0 
[2018.04.10-07.47.40:267][  0]LogD3D11RHI:     Adapter Name: NVIDIA GeForce GTX 1050
[2018.04.10-07.47.40:267][  0]LogD3D11RHI:   Driver Version: Unknown (internal:Unknown, unified:Unknown)
[2018.04.10-07.47.40:267][  0]LogD3D11RHI:      Driver Date: Unknown
[2018.04.10-07.47.40:267][  0]LogRHI: Texture pool is 2814 MB (70% of 4021 MB)
[2018.04.10-07.47.40:307][  0]LogD3D11RHI: Async texture creation enabled
[2018.04.10-07.47.40:336][  0]LogD3D11RHI: GPU Timing Frequency: 1000.000000 (Debug: 2 2)
[2018.04.10-07.47.40:337][  0]LogShaderCompilers: Guid format shader working directory is 16 characters bigger than the processId version (D:/다운로드/GridBuildingPlacement/Intermediate/Shaders/WorkingDirectory/13480/).
[2018.04.10-07.47.40:337][  0]LogShaderCompilers: Cleaned the shader compiler working directory 'C:/Users/choby/AppData/Local/Temp/UnrealShaderWorkingDir/448B0CF54D93995098FB878EC9F61058/'.
[2018.04.10-07.47.40:337][  0]LogShaderCompilers: Display: Using Local Shader Compiler.
[2018.04.10-07.47.41:491][  0]LogTemp: Display: Loaded TP AllDesktopTargetPlatform
[2018.04.10-07.47.41:589][  0]LogTemp: Display: Loaded TP MacClientTargetPlatform
[2018.04.10-07.47.41:694][  0]LogTemp: Display: Loaded TP MacNoEditorTargetPlatform
[2018.04.10-07.47.41:800][  0]LogTemp: Display: Loaded TP MacServerTargetPlatform
[2018.04.10-07.47.41:895][  0]LogTemp: Display: Loaded TP MacTargetPlatform
[2018.04.10-07.47.41:989][  0]LogTemp: Display: Loaded TP WindowsClientTargetPlatform
[2018.04.10-07.47.42:088][  0]LogTemp: Display: Loaded TP WindowsNoEditorTargetPlatform
[2018.04.10-07.47.42:201][  0]LogTemp: Display: Loaded TP WindowsServerTargetPlatform
[2018.04.10-07.47.42:290][  0]LogTemp: Display: Loaded TP WindowsTargetPlatform
[2018.04.10-07.47.42:380][  0]LogTemp: Display: Loaded TP Android_ASTCTargetPlatform
[2018.04.10-07.47.42:476][  0]LogTemp: Display: Loaded TP Android_ATCTargetPlatform
[2018.04.10-07.47.42:573][  0]LogTemp: Display: Loaded TP Android_DXTTargetPlatform
[2018.04.10-07.47.42:672][  0]LogTemp: Display: Loaded TP Android_ETC1TargetPlatform
[2018.04.10-07.47.42:761][  0]LogTemp: Display: Loaded TP Android_ETC2TargetPlatform
[2018.04.10-07.47.42:973][  0]LogTemp: Display: Loaded TP Android_MultiTargetPlatform
[2018.04.10-07.47.42:975][  0]LogTemp: Display: Loaded TP Android_PVRTCTargetPlatform
[2018.04.10-07.47.43:090][  0]LogTemp: Display: Loaded TP AndroidTargetPlatform
[2018.04.10-07.47.43:173][  0]LogTemp: Display: Loaded TP HTML5TargetPlatform
[2018.04.10-07.47.43:359][  0]LogTemp: Display: Loaded TP IOSTargetPlatform
[2018.04.10-07.47.43:408][  0]LogTemp: Display: Loaded TP TVOSTargetPlatform
[2018.04.10-07.47.43:516][  0]LogTemp: Display: Loaded TP LinuxClientTargetPlatform
[2018.04.10-07.47.43:614][  0]LogTemp: Display: Loaded TP LinuxNoEditorTargetPlatform
[2018.04.10-07.47.43:705][  0]LogTemp: Display: Loaded TP LinuxServerTargetPlatform
[2018.04.10-07.47.43:794][  0]LogTemp: Display: Loaded TP LinuxTargetPlatform
[2018.04.10-07.47.43:794][  0]LogTargetPlatformManager: Display: Building Assets For Windows
[2018.04.10-07.47.44:776][  0]LogDerivedDataCache: Display: Max Cache Size: 512 MB
[2018.04.10-07.47.44:887][  0]LogDerivedDataCache: Loaded boot cache 0.11s 78MB C:/Users/choby/AppData/Local/UnrealEngine/4.18/DerivedDataCache/Boot.ddc.
[2018.04.10-07.47.44:887][  0]LogDerivedDataCache: Display: Loaded Boot cache: C:/Users/choby/AppData/Local/UnrealEngine/4.18/DerivedDataCache/Boot.ddc
[2018.04.10-07.47.44:887][  0]LogDerivedDataCache: FDerivedDataBackendGraph:  Pak pak cache file D:/다운로드/GridBuildingPlacement/DerivedDataCache/DDC.ddp not found, will not use a pak cache.
[2018.04.10-07.47.44:887][  0]LogDerivedDataCache: Unable to find inner node Pak for hierarchical cache Hierarchy.
[2018.04.10-07.47.44:887][  0]LogDerivedDataCache: FDerivedDataBackendGraph:  CompressedPak pak cache file D:/다운로드/GridBuildingPlacement/DerivedDataCache/Compressed.ddp not found, will not use a pak cache.
[2018.04.10-07.47.44:887][  0]LogDerivedDataCache: Unable to find inner node CompressedPak for hierarchical cache Hierarchy.
[2018.04.10-07.47.44:902][  0]LogDerivedDataCache: Display: Pak cache opened for reading ../../../Engine/DerivedDataCache/Compressed.ddp.
[2018.04.10-07.47.44:915][  0]LogDerivedDataCache: Using Local data cache path C:/Users/choby/AppData/Local/UnrealEngine/Common/DerivedDataCache: Writable
[2018.04.10-07.47.44:934][  0]LogMaterial: Verifying Global Shaders for PCD3D_SM5
[2018.04.10-07.47.44:934][  0]LogSlate: Using Freetype 2.6.0
[2018.04.10-07.47.44:935][  0]LogSlate: SlateFontCache - WITH_FREETYPE: 1, WITH_HARFBUZZ: 1
[2018.04.10-07.47.44:935][  0]LogSlate: SlateFontCache - WITH_FREETYPE: 1, WITH_HARFBUZZ: 1
[2018.04.10-07.47.45:507][  0]LogInit: Selected Device Profile: [Windows]
[2018.04.10-07.47.46:147][  0]LogSimplygon: Simplygon DLL not present - disabling.
[2018.04.10-07.47.46:228][  0]LogMeshReduction: Using SimplygonSwarm for distributed automatic mesh merging
[2018.04.10-07.47.46:228][  0]LogMeshReduction: Using QuadricMeshReduction for automatic static mesh reduction
[2018.04.10-07.47.46:228][  0]LogMeshReduction: No automatic skeletal mesh reduction module available
[2018.04.10-07.47.46:228][  0]LogMeshReduction: No automatic mesh merging module available
[2018.04.10-07.47.46:228][  0]LogMeshMerging: No automatic mesh merging module available
[2018.04.10-07.47.46:271][  0]LogNetVersion: GridBuildingPlacement , NetCL: 3709383, EngineNetVer: 2, GameNetVer: 0 (Checksum: 555084747)
[2018.04.10-07.47.46:528][  0]LogAssetRegistry: FAssetRegistry took 0.0267 seconds to start up
[2018.04.10-07.47.47:757][  0]LogPackageLocalizationCache: Processed 7 localized package path(s) for 1 prioritized culture(s) in 0.382429 seconds
[2018.04.10-07.47.47:763][  0]LogUObjectArray: 35870 objects as part of root set at end of initial load.
[2018.04.10-07.47.47:763][  0]LogUObjectAllocator: 7363704 out of 0 bytes used by permanent object pool.
[2018.04.10-07.47.47:763][  0]LogUObjectArray: CloseDisregardForGC: 0/0 objects in disregard for GC pool
[2018.04.10-07.47.47:879][  0]LogInit: WinSock: version 1.1 (2.2), MaxSocks=32767, MaxUdp=65467
[2018.04.10-07.47.52:756][  0]LogTcpMessaging: Initializing TcpMessaging bridge
[2018.04.10-07.47.52:828][  0]LogUdpMessaging: Initializing bridge on interface 0.0.0.0:0 to multicast group 230.0.0.1:6666.
[2018.04.10-07.47.54:138][  0]LogMaterial: Uniform references updated for custom material expression Custom.
[2018.04.10-07.47.55:047][  0]SourceControl: 소스 콘트롤이 꺼졌습니다.
[2018.04.10-07.47.55:047][  0]SourceControl: 소스 콘트롤이 꺼졌습니다.
[2018.04.10-07.47.55:156][  0]SourceControl: 소스 콘트롤이 꺼졌습니다.
[2018.04.10-07.47.55:263][  0]SourceControl: 소스 콘트롤이 꺼졌습니다.
[2018.04.10-07.47.56:916][  0]LogAndroidPermission: UAndroidPermissionCallbackProxy::GetInstance
[2018.04.10-07.47.57:474][  0]LogOcInput: OculusInput pre-init called
[2018.04.10-07.47.58:098][  0]LogEngine: Initializing Engine...
[2018.04.10-07.47.58:102][  0]LogHMD: Failed to initialize OpenVR with code 110
[2018.04.10-07.47.58:676][  0]LogStats: UGameplayTagsManager::ConstructGameplayTagTree: Construct from data asset -  0.000 s
[2018.04.10-07.47.58:676][  0]LogStats: UGameplayTagsManager::ConstructGameplayTagTree: GameplayTagTreeChangedEvent.Broadcast -  0.000 s
[2018.04.10-07.47.58:955][  0]LogAIModule: Creating AISystem for world Untitled
[2018.04.10-07.47.58:968][  0]LogInit: XAudio2 using '스피커(Realtek High Definition Audio)' : 2 channels at 48 kHz using 32 bits per sample (channel mask 0x3)
[2018.04.10-07.47.59:091][  0]LogInit: FAudioDevice initialized.
[2018.04.10-07.47.59:400][  0]LogDerivedDataCache: Saved boot cache 0.31s 90MB C:/Users/choby/AppData/Local/UnrealEngine/4.18/DerivedDataCache/Boot.ddc.
[2018.04.10-07.47.59:432][  0]LogInit: Texture streaming: Enabled
[2018.04.10-07.47.59:653][  0]LogEngineSessionManager: EngineSessionManager initialized
[2018.04.10-07.47.59:936][  0]LogInit: Transaction tracking system initialized
[2018.04.10-07.48.00:603][  0]BlueprintLog: New page: 에디터 로드
[2018.04.10-07.48.02:688][  0]LocalizationService: 현지화 서비스가 비활성화되었습니다.
[2018.04.10-07.48.04:446][  0]LogConsoleResponse: Display: 
[2018.04.10-07.48.04:838][  0]LogCook: Display: Max memory allowance for cook 16384mb min free memory 0mb
[2018.04.10-07.48.04:838][  0]LogCook: Display: Mobile HDR setting 1
[2018.04.10-07.48.04:838][  0]LogGameplayTags: Display: UGameplayTagsManager::DoneAddingNativeTags. DelegateIsBound: 0
[2018.04.10-07.48.05:155][  0]LogFileCache: Scanning file cache for directory 'D:/다운로드/GridBuildingPlacement/Content/' took 0.01s
[2018.04.10-07.48.07:457][  0]SourceControl: 소스 콘트롤이 꺼졌습니다.
[2018.04.10-07.48.07:457][  0]Cmd: MAP LOAD FILE="D:/다운로드/GridBuildingPlacement/Content/RTSCam/Default.umap" TEMPLATE=0 SHOWPROGRESS=1 FEATURELEVEL=3
[2018.04.10-07.48.07:657][  0]LightingResults: New page: 라이팅 빌드
[2018.04.10-07.48.07:811][  0]MapCheck: New page: 맵 체크
[2018.04.10-07.48.07:812][  0]LightingResults: New page: 라이팅 빌드
[2018.04.10-07.48.08:276][  0]LogBlueprint: Warning: [Compiler RTSCam] Set Input Mode Game And UI (Deprecated)  : 폐기되었습니다. Use the new version of Set Input Mode Game And UI instead
[2018.04.10-07.48.08:277][  0]LogBlueprint: Warning: [Compiler RTSCam] Set Input Mode Game And UI (Deprecated)  : 폐기되었습니다. Use the new version of Set Input Mode Game And UI instead
[2018.04.10-07.48.08:304][  0]LogBlueprint: Warning: [Compiler RTSCam] [0033.65] RTSCam 컴파일에 성공했습니다만, 경고가 2 회 있습니다. [소요시간 61 ms] (/Game/RTSCam/RTSCam.RTSCam)
[2018.04.10-07.48.08:608][  0]LogAIModule: Creating AISystem for world Default
[2018.04.10-07.48.08:620][  0]LogEditorServer: Finished looking for orphan Actors (0.000 secs)
[2018.04.10-07.48.08:634][  0]Cmd: MAP CHECKDEP NOCLEARLOG
[2018.04.10-07.48.08:735][  0]MapCheck: 맵 체크 완료: 오류 0 회, 경고 0 회, 소요 시간 100.216ms.
[2018.04.10-07.48.08:735][  0]LogFileHelpers: Loading map 'Default' took 1.278
[2018.04.10-07.48.08:958][  0]LogCollectionManager: Loaded 0 collections in 0.003216 seconds
[2018.04.10-07.48.09:143][  0]LogFileCache: Scanning file cache for directory 'D:/다운로드/GridBuildingPlacement/Saved/Collections/' took 0.01s
[2018.04.10-07.48.09:143][  0]LogFileCache: Scanning file cache for directory 'D:/다운로드/GridBuildingPlacement/Content/Developers/choby/Collections/' took 0.01s
[2018.04.10-07.48.09:143][  0]LogFileCache: Scanning file cache for directory 'D:/다운로드/GridBuildingPlacement/Content/Collections/' took 0.01s
[2018.04.10-07.48.09:143][  0]LogCollectionManager: Rebuilt the GUID cache for 0 collections in 0.000002 seconds
[2018.04.10-07.48.09:153][  0]LogContentBrowser: Native class hierarchy populated in 0.0090 seconds. Added 2363 classes and 519 folders.
[2018.04.10-07.48.09:323][  0]LogContentBrowser: Native class hierarchy updated for 'WidgetCarousel' in 0.0002 seconds. Added 0 classes and 0 folders.
[2018.04.10-07.48.09:400][  0]LogContentBrowser: Native class hierarchy updated for 'AddContentDialog' in 0.0003 seconds. Added 0 classes and 0 folders.
[2018.04.10-07.48.09:530][  0]LogContentBrowser: Native class hierarchy updated for 'SceneOutliner' in 0.0003 seconds. Added 1 classes and 2 folders.
[2018.04.10-07.48.09:637][  0]LogSlate: Took 0.000770 seconds to synchronously load lazily loaded font '../../../Engine/Content/Slate/Fonts/Roboto-Regular.ttf' (155K)
[2018.04.10-07.48.09:655][  0]LogSlate: Took 0.015847 seconds to synchronously load lazily loaded font '../../../Engine/Content/Slate/Fonts/NanumGothic.ttf' (4243K)
[2018.04.10-07.48.09:658][  0]LogSlate: Took 0.000791 seconds to synchronously load lazily loaded font '../../../Engine/Content/Slate/Fonts/Roboto-Bold.ttf' (160K)
[2018.04.10-07.48.09:673][  0]LogSlate: Took 0.000924 seconds to synchronously load lazily loaded font '../../../Engine/Content/Editor/Slate/Fonts/FontAwesome.ttf' (139K)
[2018.04.10-07.48.09:827][  0]LogRenderer: Reallocating scene render targets to support 892x436 Format 10 NumSamples 1 (Frame:1).
[2018.04.10-07.48.10:155][  0]LogContentBrowser: Native class hierarchy updated for 'HierarchicalLODOutliner' in 0.0002 seconds. Added 1 classes and 2 folders.
[2018.04.10-07.48.10:155][  0]LogLoad: (Engine Initialization) Total time: 35.51 seconds
[2018.04.10-07.48.10:155][  0]LogLoad: (Engine Initialization) Total Blueprint compile time: 0.00 seconds
[2018.04.10-07.48.10:155][  0]LogExternalProfiler: Found external profiler: VSPerf
[2018.04.10-07.48.10:155][  0]LogExternalProfiler: Using external profiler: VSPerf
[2018.04.10-07.48.10:513][  0]LogContentStreaming: Texture pool size now 1000 MB
[2018.04.10-07.48.10:518][  0]LogSlate: Took 0.000228 seconds to synchronously load lazily loaded font '../../../Engine/Content/Slate/Fonts/Roboto-Light.ttf' (159K)
[2018.04.10-07.48.10:561][  0]LogSlate: Took 0.000478 seconds to synchronously load lazily loaded font '../../../Engine/Content/Slate/Fonts/Roboto-Light.ttf' (159K)
[2018.04.10-07.48.10:904][  1]LogAssetRegistry: Asset discovery search completed in 24.3983 seconds
[2018.04.10-07.48.10:906][  1]LogCollectionManager: Rebuilt the object cache for 0 collections in 0.000000 seconds (found 0 objects)
[2018.04.10-07.48.10:906][  1]LogCollectionManager: Fixed up redirectors for 0 collections in 0.000081 seconds (updated 0 objects)
[2018.04.10-07.48.57:327][288]LogTemp: Repeating last play command: 선택된 뷰포트
[2018.04.10-07.48.57:512][288]LogPlayLevel: PlayLevel: No blueprints needed recompiling
[2018.04.10-07.48.57:512][288]PIE: New page: PIE 세션: Default (2018. 4. 11. 오전 1:48:57)
[2018.04.10-07.48.57:512][288]LogPlayLevel: Creating play world package: /Game/RTSCam/UEDPIE_0_Default
[2018.04.10-07.48.57:515][288]LogPlayLevel: PIE: StaticDuplicateObject took: (0.002955s)
[2018.04.10-07.48.57:517][288]LogAIModule: Creating AISystem for world Default
[2018.04.10-07.48.57:517][288]LogPlayLevel: PIE: World Init took: (0.001904s)
[2018.04.10-07.48.57:518][288]LogPlayLevel: PIE: Created PIE world by copying editor world from /Game/RTSCam/Default.Default to /Game/RTSCam/UEDPIE_0_Default.Default (0.005293s)
[2018.04.10-07.48.57:531][288]LogInit: XAudio2 using '스피커(Realtek High Definition Audio)' : 2 channels at 48 kHz using 32 bits per sample (channel mask 0x3)
[2018.04.10-07.48.57:639][288]LogInit: FAudioDevice initialized.
[2018.04.10-07.48.57:685][288]LogLoad: Game class is 'GameMode'
[2018.04.10-07.48.57:687][288]LogWorld: Bringing World /Game/RTSCam/UEDPIE_0_Default.Default up for play (max tick rate 0) at 2018.04.10-16.48.57
[2018.04.10-07.48.57:687][288]LogWorld: Bringing up level for play took: 0.000866
[2018.04.10-07.48.57:767][288]LogContentBrowser: Native class hierarchy updated for 'MovieSceneCapture' in 0.0003 seconds. Added 11 classes and 0 folders.
[2018.04.10-07.48.57:767][288]LogGameMode: Display: Match State Changed from EnteringMap to WaitingToStart
[2018.04.10-07.48.57:767][288]LogGameState: Match State Changed from EnteringMap to WaitingToStart
[2018.04.10-07.48.57:768][288]LogGameMode: Display: Match State Changed from WaitingToStart to InProgress
[2018.04.10-07.48.57:770][288]LogGameState: Match State Changed from WaitingToStart to InProgress
[2018.04.10-07.48.57:770][288]PIE: /Game/RTSCam/UEDPIE_0_Default 에 대한 에디터에서 플레이 시작 시간: 0.414
[2018.04.10-07.49.00:200][551]LogScriptCore: Warning: Script Msg: Divide by zero: Divide_IntInt
[2018.04.10-07.49.00:200][551]LogScriptCore: Warning: Script Msg: Divide by zero: Divide_IntInt
[2018.04.10-07.49.00:200][551]LogScriptCore: Warning: Script Msg: Divide by zero: Divide_IntInt
[2018.04.10-07.49.00:200][551]LogScriptCore: Warning: Script Msg: Divide by zero: Divide_IntInt
[2018.04.10-07.49.06:992][331]LogScriptCore: Warning: Script Msg: Divide by zero: Divide_IntInt
[2018.04.10-07.49.06:993][331]LogScriptCore: Warning: Script Msg: Divide by zero: Divide_IntInt
[2018.04.10-07.49.06:993][331]LogScriptCore: Warning: Script Msg: Divide by zero: Divide_IntInt
[2018.04.10-07.49.06:993][331]LogScriptCore: Warning: Script Msg: Divide by zero: Divide_IntInt
[2018.04.10-07.49.08:242][477]LogScriptCore: Warning: Script Msg: Divide by zero: Divide_IntInt
[2018.04.10-07.49.08:242][477]LogScriptCore: Warning: Script Msg: Divide by zero: Divide_IntInt
[2018.04.10-07.49.08:242][477]LogScriptCore: Warning: Script Msg: Divide by zero: Divide_IntInt
[2018.04.10-07.49.08:242][477]LogScriptCore: Warning: Script Msg: Divide by zero: Divide_IntInt
[2018.04.10-07.49.14:193][145]LogEditorViewport: Clicking on Actor (LMB): BP_Sky_Sphere_C (Sky Sphere)
[2018.04.10-07.55.44:714][292]LogD3D11RHI: Timed out while waiting for GPU to catch up. (500 ms)
[2018.04.10-07.56.18:268][837]LogHttp: Warning: 000002514673C700: request failed, libcurl error: 6 (Couldn't resolve host name)
[2018.04.10-07.56.18:268][837]LogHttp: Warning: 000002514673C700: libcurl info message cache 0 (Found bundle for host datarouter.ol.epicgames.com: 0x2511a9b3fe8 [can pipeline])
[2018.04.10-07.56.18:268][837]LogHttp: Warning: 000002514673C700: libcurl info message cache 1 (Re-using existing connection! (#0) with host datarouter.ol.epicgames.com)
[2018.04.10-07.56.18:268][837]LogHttp: Warning: 000002514673C700: libcurl info message cache 2 (Connected to datarouter.ol.epicgames.com (52.205.213.9) port 443 (#0))
[2018.04.10-07.56.18:268][837]LogHttp: Warning: 000002514673C700: libcurl info message cache 3 (upload completely sent off: 2540 out of 2540 bytes)
[2018.04.10-07.56.18:268][837]LogHttp: Warning: 000002514673C700: libcurl info message cache 4 (SSL read: error:00000000:lib(0):func(0):reason(0), errno 10054)
[2018.04.10-07.56.18:268][837]LogHttp: Warning: 000002514673C700: libcurl info message cache 5 (Connection died, retrying a fresh connect)
[2018.04.10-07.56.18:268][837]LogHttp: Warning: 000002514673C700: libcurl info message cache 6 (Closing connection 0)
[2018.04.10-07.56.18:268][837]LogHttp: Warning: 000002514673C700: libcurl info message cache 7 (Issue another request to this URL: 'https://datarouter.ol.epicgames.com/datarouter/api/v1/public/data?SessionID=%7B2FCB160A-4F8D-7829-046A-55A601FA2829%7D&AppID=UEEditor.Rocket.Release&AppVersion=4.18.3-3832480%2B%2B%2BUE4%2BRelease-4.18&UserID=3600603749ad04bec78734b07df8b5a0%7Cef22c3146eae45c4a96cb2a6b4435065%7C3363b4c5-5189-4f20-9913-e52aca899164&AppEnvironment=datacollector-binary&UploadType=eteventstream')
[2018.04.10-07.56.18:268][837]LogHttp: Warning: 000002514673C700: libcurl info message cache 8 (Could not resolve host: datarouter.ol.epicgames.com)
[2018.04.10-07.56.18:268][837]LogHttp: Warning: 000002514673C700: libcurl info message cache 9 (Closing connection 1)
[2018.04.10-07.59.33:486][138]LogTemp: Repeating last play command: 선택된 뷰포트
[2018.04.10-07.59.33:509][138]LogPlayLevel: PlayLevel: No blueprints needed recompiling
[2018.04.10-07.59.33:509][138]PIE: New page: PIE 세션: Default (2018. 4. 11. 오전 1:59:33)
[2018.04.10-07.59.33:510][138]LogPlayLevel: Creating play world package: /Game/RTSCam/UEDPIE_0_Default
[2018.04.10-07.59.33:512][138]LogPlayLevel: PIE: StaticDuplicateObject took: (0.002255s)
[2018.04.10-07.59.33:513][138]LogAIModule: Creating AISystem for world Default
[2018.04.10-07.59.33:513][138]LogPlayLevel: PIE: World Init took: (0.000993s)
[2018.04.10-07.59.33:513][138]LogPlayLevel: PIE: Created PIE world by copying editor world from /Game/RTSCam/Default.Default to /Game/RTSCam/UEDPIE_0_Default.Default (0.003533s)
[2018.04.10-07.59.33:532][138]LogInit: XAudio2 using '스피커(Realtek High Definition Audio)' : 2 channels at 48 kHz using 32 bits per sample (channel mask 0x3)
[2018.04.10-07.59.33:649][138]LogInit: FAudioDevice initialized.
[2018.04.10-07.59.33:683][138]LogLoad: Game class is 'GameMode'
[2018.04.10-07.59.33:685][138]LogWorld: Bringing World /Game/RTSCam/UEDPIE_0_Default.Default up for play (max tick rate 60) at 2018.04.10-16.59.33
[2018.04.10-07.59.33:685][138]LogWorld: Bringing up level for play took: 0.000880
[2018.04.10-07.59.33:686][138]LogGameMode: Display: Match State Changed from EnteringMap to WaitingToStart
[2018.04.10-07.59.33:686][138]LogGameState: Match State Changed from EnteringMap to WaitingToStart
[2018.04.10-07.59.33:686][138]LogGameMode: Display: Match State Changed from WaitingToStart to InProgress
[2018.04.10-07.59.33:686][138]LogGameState: Match State Changed from WaitingToStart to InProgress
[2018.04.10-07.59.33:686][138]PIE: /Game/RTSCam/UEDPIE_0_Default 에 대한 에디터에서 플레이 시작 시간: 0.337
[2018.04.10-07.59.37:093][341]LogScriptCore: Warning: Script Msg: Divide by zero: Divide_IntInt
[2018.04.10-07.59.37:093][341]LogScriptCore: Warning: Script Msg: Divide by zero: Divide_IntInt
[2018.04.10-07.59.37:093][341]LogScriptCore: Warning: Script Msg: Divide by zero: Divide_IntInt
[2018.04.10-07.59.37:093][341]LogScriptCore: Warning: Script Msg: Divide by zero: Divide_IntInt
[2018.04.10-07.59.40:560][549]LogScriptCore: Warning: Script Msg: Divide by zero: Divide_IntInt
[2018.04.10-07.59.40:560][549]LogScriptCore: Warning: Script Msg: Divide by zero: Divide_IntInt
[2018.04.10-07.59.40:560][549]LogScriptCore: Warning: Script Msg: Divide by zero: Divide_IntInt
[2018.04.10-07.59.40:560][549]LogScriptCore: Warning: Script Msg: Divide by zero: Divide_IntInt
[2018.04.10-08.06.43:714][235]LogTemp: Repeating last play command: 선택된 뷰포트
[2018.04.10-08.06.43:735][235]LogPlayLevel: PlayLevel: No blueprints needed recompiling
[2018.04.10-08.06.43:735][235]PIE: New page: PIE 세션: Default (2018. 4. 11. 오전 2:06:43)
[2018.04.10-08.06.43:735][235]LogPlayLevel: Creating play world package: /Game/RTSCam/UEDPIE_0_Default
[2018.04.10-08.06.43:739][235]LogPlayLevel: PIE: StaticDuplicateObject took: (0.004475s)
[2018.04.10-08.06.43:740][235]LogAIModule: Creating AISystem for world Default
[2018.04.10-08.06.43:740][235]LogPlayLevel: PIE: World Init took: (0.000972s)
[2018.04.10-08.06.43:741][235]LogPlayLevel: PIE: Created PIE world by copying editor world from /Game/RTSCam/Default.Default to /Game/RTSCam/UEDPIE_0_Default.Default (0.005779s)
[2018.04.10-08.06.43:755][235]LogInit: XAudio2 using '스피커(Realtek High Definition Audio)' : 2 channels at 48 kHz using 32 bits per sample (channel mask 0x3)
[2018.04.10-08.06.43:865][235]LogInit: FAudioDevice initialized.
[2018.04.10-08.06.43:901][235]LogLoad: Game class is 'GameMode'
[2018.04.10-08.06.43:903][235]LogWorld: Bringing World /Game/RTSCam/UEDPIE_0_Default.Default up for play (max tick rate 60) at 2018.04.10-17.06.43
[2018.04.10-08.06.43:903][235]LogWorld: Bringing up level for play took: 0.000860
[2018.04.10-08.06.43:904][235]LogGameMode: Display: Match State Changed from EnteringMap to WaitingToStart
[2018.04.10-08.06.43:904][235]LogGameState: Match State Changed from EnteringMap to WaitingToStart
[2018.04.10-08.06.43:904][235]LogGameMode: Display: Match State Changed from WaitingToStart to InProgress
[2018.04.10-08.06.43:904][235]LogGameState: Match State Changed from WaitingToStart to InProgress
[2018.04.10-08.06.43:904][235]PIE: /Game/RTSCam/UEDPIE_0_Default 에 대한 에디터에서 플레이 시작 시간: 0.555
[2018.04.10-08.06.46:272][375]LogScriptCore: Warning: Script Msg: Divide by zero: Divide_IntInt
[2018.04.10-08.06.46:272][375]LogScriptCore: Warning: Script Msg: Divide by zero: Divide_IntInt
[2018.04.10-08.06.46:272][375]LogScriptCore: Warning: Script Msg: Divide by zero: Divide_IntInt
[2018.04.10-08.06.46:272][375]LogScriptCore: Warning: Script Msg: Divide by zero: Divide_IntInt
[2018.04.10-08.06.49:692][580]LogScriptCore: Warning: Script Msg: Divide by zero: Divide_IntInt
[2018.04.10-08.06.49:692][580]LogScriptCore: Warning: Script Msg: Divide by zero: Divide_IntInt
[2018.04.10-08.06.49:692][580]LogScriptCore: Warning: Script Msg: Divide by zero: Divide_IntInt
[2018.04.10-08.06.49:692][580]LogScriptCore: Warning: Script Msg: Divide by zero: Divide_IntInt
[2018.04.10-08.30.51:395][ 80]LogTemp: Repeating last play command: 선택된 뷰포트
[2018.04.10-08.30.51:418][ 80]LogPlayLevel: PlayLevel: No blueprints needed recompiling
[2018.04.10-08.30.51:418][ 80]PIE: New page: PIE 세션: Default (2018. 4. 11. 오전 2:30:51)
[2018.04.10-08.30.51:418][ 80]LogPlayLevel: Creating play world package: /Game/RTSCam/UEDPIE_0_Default
[2018.04.10-08.30.51:422][ 80]LogPlayLevel: PIE: StaticDuplicateObject took: (0.003971s)
[2018.04.10-08.30.51:423][ 80]LogAIModule: Creating AISystem for world Default
[2018.04.10-08.30.51:423][ 80]LogPlayLevel: PIE: World Init took: (0.001055s)
[2018.04.10-08.30.51:423][ 80]LogPlayLevel: PIE: Created PIE world by copying editor world from /Game/RTSCam/Default.Default to /Game/RTSCam/UEDPIE_0_Default.Default (0.005309s)
[2018.04.10-08.30.51:439][ 80]LogInit: XAudio2 using '스피커(Realtek High Definition Audio)' : 2 channels at 48 kHz using 32 bits per sample (channel mask 0x3)
[2018.04.10-08.30.51:551][ 80]LogInit: FAudioDevice initialized.
[2018.04.10-08.30.51:584][ 80]LogLoad: Game class is 'GameMode'
[2018.04.10-08.30.51:585][ 80]LogWorld: Bringing World /Game/RTSCam/UEDPIE_0_Default.Default up for play (max tick rate 0) at 2018.04.10-17.30.51
[2018.04.10-08.30.51:586][ 80]LogWorld: Bringing up level for play took: 0.001009
[2018.04.10-08.30.51:586][ 80]LogGameMode: Display: Match State Changed from EnteringMap to WaitingToStart
[2018.04.10-08.30.51:586][ 80]LogGameState: Match State Changed from EnteringMap to WaitingToStart
[2018.04.10-08.30.51:586][ 80]LogGameMode: Display: Match State Changed from WaitingToStart to InProgress
[2018.04.10-08.30.51:587][ 80]LogGameState: Match State Changed from WaitingToStart to InProgress
[2018.04.10-08.30.51:587][ 80]PIE: /Game/RTSCam/UEDPIE_0_Default 에 대한 에디터에서 플레이 시작 시간: 0.238
[2018.04.10-08.30.53:336][251]LogScriptCore: Warning: Script Msg: Divide by zero: Divide_IntInt
[2018.04.10-08.30.53:336][251]LogScriptCore: Warning: Script Msg: Divide by zero: Divide_IntInt
[2018.04.10-08.30.53:336][251]LogScriptCore: Warning: Script Msg: Divide by zero: Divide_IntInt
[2018.04.10-08.30.53:336][251]LogScriptCore: Warning: Script Msg: Divide by zero: Divide_IntInt
[2018.04.10-08.44.33:529][166]Cmd: QUIT_EDITOR
[2018.04.10-08.44.34:123][166]LogWindowsTextInputMethodSystem: Display: IME system now activated using TSF (Microsoft 입력기).
[2018.04.10-08.44.34:158][166]LogExit: Preparing to exit.
[2018.04.10-08.44.36:118][166]LogExit: Editor shut down
[2018.04.10-08.44.36:153][166]LogExit: Transaction tracking system shut down
[2018.04.10-08.44.36:394][166]LogDirectoryWatcher: A directory notification for '../../../Engine/Content/' was aborted.
[2018.04.10-08.44.36:394][166]LogDirectoryWatcher: A directory notification for 'D:/다운로드/GridBuildingPlacement/Content/' was aborted.
[2018.04.10-08.44.36:394][166]LogDirectoryWatcher: A directory notification for '../../../Engine/Plugins/2D/Paper2D/Content/' was aborted.
[2018.04.10-08.44.36:394][166]LogDirectoryWatcher: A directory notification for '../../../Engine/Plugins/Media/MediaCompositing/Content/' was aborted.
[2018.04.10-08.44.36:394][166]LogDirectoryWatcher: A directory notification for '../../../Engine/Plugins/Runtime/AppleARKit/Content/' was aborted.
[2018.04.10-08.44.36:394][166]LogDirectoryWatcher: A directory notification for '../../../Engine/Plugins/Runtime/Oculus/OculusVR/Content/' was aborted.
[2018.04.10-08.44.36:394][166]LogDirectoryWatcher: A directory notification for '../../../Engine/Plugins/Runtime/Steam/SteamVR/Content/' was aborted.
[2018.04.10-08.44.36:495][166]LogExit: Object subsystem successfully closed.
[2018.04.10-08.44.36:526][166]LogD3D11RHI: Shutdown
[2018.04.10-08.44.36:526][166]LogD3D11RHI: CleanupD3DDevice
[2018.04.10-08.44.36:531][166]LogD3D11RHI: ~FD3D11DynamicRHI
[2018.04.10-08.44.36:631][166]LogModuleManager: Shutting down and abandoning module MovieSceneCapture (550)
[2018.04.10-08.44.36:631][166]LogModuleManager: Shutting down and abandoning module HierarchicalLODOutliner (548)
[2018.04.10-08.44.36:631][166]LogModuleManager: Shutting down and abandoning module SceneOutliner (546)
[2018.04.10-08.44.36:631][166]LogModuleManager: Shutting down and abandoning module AddContentDialog (544)
[2018.04.10-08.44.36:631][166]LogDirectoryWatcher: A directory notification for 'C:/Program Files/Epic Games/UE_4.18/FeaturePacks/' was aborted.
[2018.04.10-08.44.36:650][166]LogModuleManager: Shutting down and abandoning module WidgetCarousel (543)
[2018.04.10-08.44.36:650][166]LogModuleManager: Shutting down and abandoning module EditorWidgets (540)
[2018.04.10-08.44.36:650][166]LogModuleManager: Shutting down and abandoning module CollectionManager (538)
[2018.04.10-08.44.36:650][166]LogDirectoryWatcher: A directory notification for 'D:/다운로드/GridBuildingPlacement/Content/Collections/' was aborted.
[2018.04.10-08.44.36:651][166]LogDirectoryWatcher: A directory notification for 'D:/다운로드/GridBuildingPlacement/Content/Developers/choby/Collections/' was aborted.
[2018.04.10-08.44.36:651][166]LogDirectoryWatcher: A directory notification for 'D:/다운로드/GridBuildingPlacement/Saved/Collections/' was aborted.
[2018.04.10-08.44.36:651][166]LogModuleManager: Shutting down and abandoning module StatsViewer (536)
[2018.04.10-08.44.36:651][166]LogModuleManager: Shutting down and abandoning module FoliageEdit (534)
[2018.04.10-08.44.36:651][166]LogModuleManager: Shutting down and abandoning module LandscapeEditor (532)
[2018.04.10-08.44.36:652][166]LogModuleManager: Shutting down and abandoning module MeshPaintMode (530)
[2018.04.10-08.44.36:652][166]LogModuleManager: Shutting down and abandoning module SceneDepthPickerMode (528)
[2018.04.10-08.44.36:652][166]LogModuleManager: Shutting down and abandoning module ActorPickerMode (526)
[2018.04.10-08.44.36:652][166]LogModuleManager: Shutting down and abandoning module GeometryMode (524)
[2018.04.10-08.44.36:652][166]LogModuleManager: Shutting down and abandoning module TextureAlignMode (522)
[2018.04.10-08.44.36:652][166]LogModuleManager: Shutting down and abandoning module BspMode (520)
[2018.04.10-08.44.36:652][166]LogModuleManager: Shutting down and abandoning module PIEPreviewDeviceProfileSelector (518)
[2018.04.10-08.44.36:652][166]LogModuleManager: Shutting down and abandoning module HardwareSurvey (516)
[2018.04.10-08.44.36:652][166]LogModuleManager: Shutting down and abandoning module SequenceRecorderSections (514)
[2018.04.10-08.44.36:653][166]LogModuleManager: Shutting down and abandoning module AutomationWorker (512)
[2018.04.10-08.44.36:653][166]LogModuleManager: Shutting down and abandoning module MatineeToLevelSequence (510)
[2018.04.10-08.44.36:653][166]LogModuleManager: Shutting down and abandoning module LevelSequenceEditor (508)
[2018.04.10-08.44.36:654][166]LogModuleManager: Shutting down and abandoning module PlacementMode (507)
[2018.04.10-08.44.36:654][166]LogModuleManager: Shutting down and abandoning module WmfMediaFactory (504)
[2018.04.10-08.44.36:654][166]LogModuleManager: Shutting down and abandoning module WmfMediaEditor (502)
[2018.04.10-08.44.36:654][166]LogModuleManager: Shutting down and abandoning module OpenExrWrapper (500)
[2018.04.10-08.44.36:654][166]LogModuleManager: Shutting down and abandoning module ImgMediaFactory (498)
[2018.04.10-08.44.36:654][166]LogModuleManager: Shutting down and abandoning module ImgMediaEditor (496)
[2018.04.10-08.44.36:654][166]LogModuleManager: Shutting down and abandoning module AvfMediaFactory (494)
[2018.04.10-08.44.36:654][166]LogModuleManager: Shutting down and abandoning module AvfMediaEditor (492)
[2018.04.10-08.44.36:654][166]LogModuleManager: Shutting down and abandoning module AndroidMediaFactory (490)
[2018.04.10-08.44.36:654][166]LogModuleManager: Shutting down and abandoning module AndroidMediaEditor (488)
[2018.04.10-08.44.36:654][166]LogModuleManager: Shutting down and abandoning module CharacterAI (486)
[2018.04.10-08.44.36:654][166]LogModuleManager: Shutting down and abandoning module AudioCapture (484)
[2018.04.10-08.44.36:654][166]LogModuleManager: Shutting down and abandoning module SequenceRecorder (483)
[2018.04.10-08.44.36:655][166]LogModuleManager: Shutting down and abandoning module SmartSnapping (480)
[2018.04.10-08.44.36:655][166]LogModuleManager: Shutting down and abandoning module SessionServices (478)
[2018.04.10-08.44.36:655][166]LogModuleManager: Shutting down and abandoning module ViewportSnapping (476)
[2018.04.10-08.44.36:656][166]LogModuleManager: Shutting down and abandoning module ViewportInteraction (474)
[2018.04.10-08.44.36:656][166]LogModuleManager: Shutting down and abandoning module ClothPainter (472)
[2018.04.10-08.44.36:656][166]LogModuleManager: Shutting down and abandoning module SkeletalMeshEditor (471)
[2018.04.10-08.44.36:656][166]LogModuleManager: Shutting down and abandoning module LogVisualizer (468)
[2018.04.10-08.44.36:656][166]LogModuleManager: Shutting down and abandoning module IntroTutorials (466)
[2018.04.10-08.44.36:657][166]LogModuleManager: Shutting down and abandoning module GameProjectGeneration (465)
[2018.04.10-08.44.36:657][166]LogModuleManager: Shutting down and abandoning module IOSPlatformEditor (462)
[2018.04.10-08.44.36:657][166]LogModuleManager: Shutting down and abandoning module HTML5PlatformEditor (460)
[2018.04.10-08.44.36:657][166]LogModuleManager: Shutting down and abandoning module AndroidPlatformEditor (458)
[2018.04.10-08.44.36:657][166]LogModuleManager: Shutting down and abandoning module AndroidDeviceDetection (457)
[2018.04.10-08.44.37:106][166]LogModuleManager: Shutting down and abandoning module WindowsPlatformEditor (454)
[2018.04.10-08.44.37:106][166]LogModuleManager: Shutting down and abandoning module IOSRuntimeSettings (452)
[2018.04.10-08.44.37:106][166]LogModuleManager: Shutting down and abandoning module AndroidRuntimeSettings (450)
[2018.04.10-08.44.37:106][166]LogModuleManager: Shutting down and abandoning module InputBindingEditor (448)
[2018.04.10-08.44.37:106][166]LogModuleManager: Shutting down and abandoning module MergeActors (446)
[2018.04.10-08.44.37:106][166]LogModuleManager: Shutting down and abandoning module SizeMap (444)
[2018.04.10-08.44.37:106][166]LogModuleManager: Shutting down and abandoning module TreeMap (442)
[2018.04.10-08.44.37:106][166]LogModuleManager: Shutting down and abandoning module ReferenceViewer (440)
[2018.04.10-08.44.37:106][166]LogModuleManager: Shutting down and abandoning module LocalizationDashboard (438)
[2018.04.10-08.44.37:106][166]LogModuleManager: Shutting down and abandoning module LocalizationService (437)
[2018.04.10-08.44.37:106][166]LogModuleManager: Shutting down and abandoning module HardwareTargeting (434)
[2018.04.10-08.44.37:106][166]LogModuleManager: Shutting down and abandoning module DeviceProfileEditor (432)
[2018.04.10-08.44.37:106][166]LogModuleManager: Shutting down and abandoning module UndoHistory (430)
[2018.04.10-08.44.37:106][166]LogModuleManager: Shutting down and abandoning module XmlParser (428)
[2018.04.10-08.44.37:106][166]LogModuleManager: Shutting down and abandoning module Blutility (426)
[2018.04.10-08.44.37:106][166]LogModuleManager: Shutting down and abandoning module ProjectSettingsViewer (424)
[2018.04.10-08.44.37:107][166]LogModuleManager: Shutting down and abandoning module ProjectTargetPlatformEditor (423)
[2018.04.10-08.44.37:107][166]LogModuleManager: Shutting down and abandoning module EditorSettingsViewer (420)
[2018.04.10-08.44.37:107][166]LogModuleManager: Shutting down and abandoning module SettingsEditor (418)
[2018.04.10-08.44.37:107][166]LogModuleManager: Shutting down and abandoning module ProjectLauncher (416)
[2018.04.10-08.44.37:107][166]LogModuleManager: Shutting down and abandoning module SessionFrontend (414)
[2018.04.10-08.44.37:107][166]LogModuleManager: Shutting down and abandoning module ProfilerClient (412)
[2018.04.10-08.44.37:107][166]LogModuleManager: Shutting down and abandoning module DeviceManager (410)
[2018.04.10-08.44.37:107][166]LogModuleManager: Shutting down and abandoning module TargetDeviceServices (409)
[2018.04.10-08.44.37:163][166]LogModuleManager: Shutting down and abandoning module AutomationController (406)
[2018.04.10-08.44.37:163][166]LogModuleManager: Shutting down and abandoning module AutomationWindow (404)
[2018.04.10-08.44.37:163][166]LogModuleManager: Shutting down and abandoning module Layers (402)
[2018.04.10-08.44.37:163][166]LogModuleManager: Shutting down and abandoning module ComponentVisualizers (400)
[2018.04.10-08.44.37:163][166]LogModuleManager: Shutting down and abandoning module DetailCustomizations (398)
[2018.04.10-08.44.37:163][166]LogModuleManager: Shutting down and abandoning module PackagesDialog (396)
[2018.04.10-08.44.37:163][166]LogModuleManager: Shutting down and abandoning module Persona (394)
[2018.04.10-08.44.37:163][166]LogModuleManager: Shutting down and abandoning module AdvancedPreviewScene (393)
[2018.04.10-08.44.37:163][166]LogModuleManager: Shutting down and abandoning module AnimGraph (391)
[2018.04.10-08.44.37:163][166]LogModuleManager: Shutting down and abandoning module Kismet (388)
[2018.04.10-08.44.37:164][166]LogModuleManager: Shutting down and abandoning module ClassViewer (386)
[2018.04.10-08.44.37:165][166]LogModuleManager: Shutting down and abandoning module Toolbox (384)
[2018.04.10-08.44.37:165][166]LogModuleManager: Shutting down and abandoning module ModuleUI (382)
[2018.04.10-08.44.37:165][166]LogModuleManager: Shutting down and abandoning module MovieSceneTools (380)
[2018.04.10-08.44.37:165][166]LogModuleManager: Shutting down and abandoning module OutputLog (378)
[2018.04.10-08.44.37:165][166]LogModuleManager: Shutting down and abandoning module GammaUI (376)
[2018.04.10-08.44.37:165][166]LogModuleManager: Shutting down and abandoning module Documentation (374)
[2018.04.10-08.44.37:165][166]LogModuleManager: Shutting down and abandoning module MovieSceneTracks (372)
[2018.04.10-08.44.37:165][166]LogModuleManager: Shutting down and abandoning module MovieScene (370)
[2018.04.10-08.44.37:165][166]LogModuleManager: Shutting down and abandoning module StreamingPauseRendering (368)
[2018.04.10-08.44.37:165][166]LogModuleManager: Shutting down and abandoning module LauncherPlatform (366)
[2018.04.10-08.44.37:165][166]LogModuleManager: Shutting down and abandoning module AnalyticsET (364)
[2018.04.10-08.44.37:165][166]LogModuleManager: Shutting down and abandoning module PortalServices (362)
[2018.04.10-08.44.37:165][166]LogModuleManager: Shutting down and abandoning module PortalRpc (360)
[2018.04.10-08.44.37:165][166]LogModuleManager: Shutting down and abandoning module MessagingRpc (358)
[2018.04.10-08.44.37:165][166]LogModuleManager: Shutting down and abandoning module AIModule (356)
[2018.04.10-08.44.37:165][166]LogModuleManager: Shutting down and abandoning module GameplayDebugger (355)
[2018.04.10-08.44.37:165][166]LogModuleManager: Shutting down and abandoning module AITestSuite (353)
[2018.04.10-08.44.37:165][166]LogModuleManager: Shutting down and abandoning module DesktopPlatform (350)
[2018.04.10-08.44.37:165][166]LogModuleManager: Shutting down and abandoning module ProfilerService (348)
[2018.04.10-08.44.37:341][166]LogModuleManager: Shutting down and abandoning module TaskGraph (346)
[2018.04.10-08.44.37:341][166]LogModuleManager: Shutting down and abandoning module SteamVRController (344)
[2018.04.10-08.44.37:341][166]LogModuleManager: Shutting down and abandoning module ProceduralMeshComponentEditor (342)
[2018.04.10-08.44.37:341][166]LogModuleManager: Shutting down and abandoning module ProceduralMeshComponent (340)
[2018.04.10-08.44.37:341][166]LogModuleManager: Shutting down and abandoning module OculusInput (338)
[2018.04.10-08.44.37:341][166]LogModuleManager: Shutting down and abandoning module MobilePatchingUtils (336)
[2018.04.10-08.44.37:341][166]LogModuleManager: Shutting down and abandoning module CustomMeshComponent (334)
[2018.04.10-08.44.37:341][166]LogModuleManager: Shutting down and abandoning module CableComponent (332)
[2018.04.10-08.44.37:341][166]LogModuleManager: Shutting down and abandoning module ArchVisCharacter (330)
[2018.04.10-08.44.37:341][166]LogModuleManager: Shutting down and abandoning module AndroidPermission (328)
[2018.04.10-08.44.37:341][166]LogModuleManager: Shutting down and abandoning module ActorSequence (324)
[2018.04.10-08.44.37:341][166]LogModuleManager: Shutting down and abandoning module MediaPlayerEditor (322)
[2018.04.10-08.44.37:341][166]LogModuleManager: Shutting down and abandoning module MediaCompositingEditor (320)
[2018.04.10-08.44.37:341][166]LogModuleManager: Shutting down and abandoning module MediaCompositing (318)
[2018.04.10-08.44.37:341][166]LogModuleManager: Shutting down and abandoning module HTML5Networking (316)
[2018.04.10-08.44.37:341][166]LogModuleManager: Shutting down and abandoning module AlembicImporter (314)
[2018.04.10-08.44.37:341][166]LogModuleManager: Shutting down and abandoning module AlembicLibrary (313)
[2018.04.10-08.44.37:341][166]LogModuleManager: Shutting down and abandoning module GeometryCache (312)
[2018.04.10-08.44.37:341][166]LogModuleManager: Shutting down and abandoning module GeometryCacheEd (311)
[2018.04.10-08.44.37:342][166]LogModuleManager: Shutting down and abandoning module SpeedTreeImporter (306)
[2018.04.10-08.44.37:342][166]LogModuleManager: Shutting down and abandoning module PluginBrowser (304)
[2018.04.10-08.44.37:342][166]LogModuleManager: Shutting down and abandoning module MobileLauncherProfileWizard (302)
[2018.04.10-08.44.37:342][166]LogModuleManager: Shutting down and abandoning module VisualStudioSourceCodeAccess (300)
[2018.04.10-08.44.37:342][166]LogModuleManager: Shutting down and abandoning module VisualStudioCodeSourceCodeAccess (298)
[2018.04.10-08.44.37:342][166]LogModuleManager: Shutting down and abandoning module UObjectPlugin (296)
[2018.04.10-08.44.37:342][166]LogModuleManager: Shutting down and abandoning module SubversionSourceControl (294)
[2018.04.10-08.44.37:342][166]LogModuleManager: Shutting down and abandoning module PerforceSourceControl (292)
[2018.04.10-08.44.37:342][166]LogModuleManager: Shutting down and abandoning module GitSourceControl (290)
[2018.04.10-08.44.37:342][166]LogModuleManager: Shutting down and abandoning module SourceControl (289)
[2018.04.10-08.44.37:342][166]LogModuleManager: Shutting down and abandoning module LightPropagationVolumeEditor (286)
[2018.04.10-08.44.37:342][166]LogModuleManager: Shutting down and abandoning module PaperTiledImporter (284)
[2018.04.10-08.44.37:342][166]LogModuleManager: Shutting down and abandoning module PaperSpriteSheetImporter (282)
[2018.04.10-08.44.37:342][166]LogModuleManager: Shutting down and abandoning module Paper2DEditor (280)
[2018.04.10-08.44.37:343][166]LogModuleManager: Shutting down and abandoning module MeshPaint (279)
[2018.04.10-08.44.37:343][166]LogModuleManager: Shutting down and abandoning module LevelEditor (277)
[2018.04.10-08.44.37:347][166]LogModuleManager: Shutting down and abandoning module PixelInspectorModule (276)
[2018.04.10-08.44.37:347][166]LogModuleManager: Shutting down and abandoning module MainFrame (274)
[2018.04.10-08.44.37:347][166]LogModuleManager: Shutting down and abandoning module HotReload (273)
[2018.04.10-08.44.37:348][166]LogModuleManager: Shutting down and abandoning module RuntimePhysXCooking (268)
[2018.04.10-08.44.37:348][166]LogModuleManager: Shutting down and abandoning module PhysXVehiclesEditor (266)
[2018.04.10-08.44.37:348][166]LogModuleManager: Shutting down and abandoning module PhysXVehicles (264)
[2018.04.10-08.44.37:348][166]LogModuleManager: Shutting down and abandoning module OculusEditor (262)
[2018.04.10-08.44.37:348][166]LogModuleManager: Shutting down and abandoning module LocationServicesBPLibrary (260)
[2018.04.10-08.44.37:348][166]LogModuleManager: Shutting down and abandoning module ImmediatePhysicsEditor (258)
[2018.04.10-08.44.37:348][166]LogModuleManager: Shutting down and abandoning module ImmediatePhysics (256)
[2018.04.10-08.44.37:348][166]LogModuleManager: Shutting down and abandoning module UdpMessaging (254)
